2019-05-08 20:38:40,869 INFO org.springframework.context.support.PostProcessorRegistrationDelegate$BeanPostProcessorChecker [main] Bean 'configurationPropertiesRebinderAutoConfiguration' of type [org.springframework.cloud.autoconfigure.ConfigurationPropertiesRebinderAutoConfiguration$$EnhancerBySpringCGLIB$$88784c06] is not eligible for getting processed by all BeanPostProcessors (for example: not eligible for auto-proxying)
2019-05-08 20:38:41,491 INFO org.springframework.cloud.config.client.ConfigServicePropertySourceLocator [main] Fetching config from server at : http://localhost:8888
2019-05-08 20:38:42,658 INFO org.springframework.cloud.config.client.ConfigServicePropertySourceLocator [main] Connect Timeout Exception on Url - http://localhost:8888. Will be trying the next url if available
2019-05-08 20:38:42,668 WARN org.springframework.cloud.config.client.ConfigServicePropertySourceLocator [main] Could not locate PropertySource: I/O error on GET request for "http://localhost:8888/currency-converter/default": Connection refused: connect; nested exception is java.net.ConnectException: Connection refused: connect
2019-05-08 20:38:42,677 INFO org.springframework.boot.SpringApplication [main] No active profile set, falling back to default profiles: default
2019-05-08 20:38:43,605 WARN org.springframework.boot.actuate.endpoint.EndpointId [main] Endpoint ID 'service-registry' contains invalid characters, please migrate to a valid format.
2019-05-08 20:38:43,867 INFO org.springframework.cloud.context.scope.GenericScope [main] BeanFactory id=004b0d92-f41e-3f15-90ed-a5cb9137609f
2019-05-08 20:38:43,898 INFO org.springframework.context.support.PostProcessorRegistrationDelegate$BeanPostProcessorChecker [main] Bean 'edu.techforce.springapp.CurrencyServiceFeignProxy' of type [org.springframework.cloud.openfeign.FeignClientFactoryBean] is not eligible for getting processed by all BeanPostProcessors (for example: not eligible for auto-proxying)
2019-05-08 20:38:44,161 INFO org.springframework.context.support.PostProcessorRegistrationDelegate$BeanPostProcessorChecker [main] Bean 'org.springframework.cloud.autoconfigure.ConfigurationPropertiesRebinderAutoConfiguration' of type [org.springframework.cloud.autoconfigure.ConfigurationPropertiesRebinderAutoConfiguration$$EnhancerBySpringCGLIB$$88784c06] is not eligible for getting processed by all BeanPostProcessors (for example: not eligible for auto-proxying)
2019-05-08 20:38:44,761 INFO org.springframework.boot.web.embedded.tomcat.TomcatWebServer [main] Tomcat initialized with port(s): 8888 (http)
2019-05-08 20:38:44,774 INFO org.apache.juli.logging.DirectJDKLog [main] Initializing ProtocolHandler ["http-nio-8888"]
2019-05-08 20:38:44,784 INFO org.apache.juli.logging.DirectJDKLog [main] Starting service [Tomcat]
2019-05-08 20:38:44,785 INFO org.apache.juli.logging.DirectJDKLog [main] Starting Servlet Engine: Apache Tomcat/9.0.12
2019-05-08 20:38:44,793 INFO org.apache.juli.logging.DirectJDKLog [main] The APR based Apache Tomcat Native library which allows optimal performance in production environments was not found on the java.library.path: [C:\Program Files\Java\jdk1.8.0_191\bin;C:\WINDOWS\Sun\Java\bin;C:\WINDOWS\system32;C:\WINDOWS;C:\Program Files (x86)\Intel\iCLS Client\;C:\Program Files (x86)\Common Files\Oracle\Java\javapath;C:\Program Files\Intel\iCLS Client\;C:\WINDOWS\system32;C:\WINDOWS;C:\WINDOWS\System32\Wbem;C:\WINDOWS\System32\WindowsPowerShell\v1.0\;C:\Program Files\nodejs\;C:\WINDOWS\System32\OpenSSH\;C:\Program Files\Intel\WiFi\bin\;C:\Program Files\Common Files\Intel\WirelessCommon\;C:\Program Files\Java\jdk1.8.0_191\bin;C:\Program Files\Git\cmd;C:\Program Files (x86)\Intel\Intel(R) Management Engine Components\DAL;C:\Program Files\Intel\Intel(R) Management Engine Components\DAL;C:\Program Files (x86)\Intel\Intel(R) Management Engine Components\IPT;C:\Program Files\Intel\Intel(R) Management Engine Components\IPT;C:\Users\Manoj Silwal\AppData\Local\Microsoft\WindowsApps;C:\Users\Manoj Silwal\AppData\Roaming\npm;;C:\Program Files\Docker Toolbox;C:\Program Files\Docker Toolbox;.]
2019-05-08 20:38:44,967 INFO org.apache.juli.logging.DirectJDKLog [main] Initializing Spring embedded WebApplicationContext
2019-05-08 20:38:44,971 INFO org.springframework.boot.web.servlet.context.ServletWebServerApplicationContext [main] Root WebApplicationContext: initialization completed in 2251 ms
2019-05-08 20:38:45,141 WARN com.netflix.config.sources.URLConfigurationSource [main] No URLs will be polled as dynamic configuration sources.
2019-05-08 20:38:45,141 INFO com.netflix.config.sources.URLConfigurationSource [main] To enable URLs as dynamic configuration sources, define System property archaius.configurationSource.additionalUrls or make config.properties available on classpath.
2019-05-08 20:38:45,155 INFO com.netflix.config.DynamicPropertyFactory [main] DynamicPropertyFactory is initialized with configuration sources: com.netflix.config.ConcurrentCompositeConfiguration@66a5755
2019-05-08 20:38:46,620 INFO org.springframework.cloud.netflix.eureka.InstanceInfoFactory [main] Setting initial instance status as: STARTING
2019-05-08 20:38:46,693 INFO com.netflix.discovery.DiscoveryClient [main] Initializing Eureka in region us-east-1
2019-05-08 20:38:47,227 INFO com.netflix.discovery.provider.DiscoveryJerseyProvider [main] Using JSON encoding codec LegacyJacksonJson
2019-05-08 20:38:47,227 INFO com.netflix.discovery.provider.DiscoveryJerseyProvider [main] Using JSON decoding codec LegacyJacksonJson
2019-05-08 20:38:47,338 INFO com.netflix.discovery.provider.DiscoveryJerseyProvider [main] Using XML encoding codec XStreamXml
2019-05-08 20:38:47,338 INFO com.netflix.discovery.provider.DiscoveryJerseyProvider [main] Using XML decoding codec XStreamXml
2019-05-08 20:38:47,635 INFO com.netflix.discovery.shared.resolver.aws.ConfigClusterResolver [main] Resolving eureka endpoints via configuration
2019-05-08 20:38:47,868 INFO com.netflix.discovery.DiscoveryClient [main] Disable delta property : false
2019-05-08 20:38:47,868 INFO com.netflix.discovery.DiscoveryClient [main] Single vip registry refresh property : null
2019-05-08 20:38:47,868 INFO com.netflix.discovery.DiscoveryClient [main] Force full registry fetch : false
2019-05-08 20:38:47,870 INFO com.netflix.discovery.DiscoveryClient [main] Application is null : false
2019-05-08 20:38:47,871 INFO com.netflix.discovery.DiscoveryClient [main] Registered Applications size is zero : true
2019-05-08 20:38:47,871 INFO com.netflix.discovery.DiscoveryClient [main] Application version is -1: true
2019-05-08 20:38:47,872 INFO com.netflix.discovery.DiscoveryClient [main] Getting all instance registry info from the eureka server
2019-05-08 20:38:48,031 INFO com.netflix.discovery.DiscoveryClient [main] The response status is 200
2019-05-08 20:38:48,034 INFO com.netflix.discovery.DiscoveryClient [main] Starting heartbeat executor: renew interval is: 30
2019-05-08 20:38:48,037 INFO com.netflix.discovery.InstanceInfoReplicator [main] InstanceInfoReplicator onDemand update allowed rate per min is 4
2019-05-08 20:38:48,041 INFO com.netflix.discovery.DiscoveryClient [main] Discovery Client initialized at timestamp 1557365928040 with initial instances count: 3
2019-05-08 20:38:48,490 INFO org.springframework.boot.web.servlet.AbstractFilterRegistrationBean [main] Mapping filter: 'characterEncodingFilter' to: [/*]
2019-05-08 20:38:48,490 INFO org.springframework.boot.web.servlet.AbstractFilterRegistrationBean [main] Mapping filter: 'webMvcMetricsFilter' to: [/*]
2019-05-08 20:38:48,490 INFO org.springframework.boot.web.servlet.AbstractFilterRegistrationBean [main] Mapping filter: 'tracingFilter' to: [/*]
2019-05-08 20:38:48,491 INFO org.springframework.boot.web.servlet.AbstractFilterRegistrationBean [main] Mapping filter: 'exceptionLoggingFilter' to: [/*]
2019-05-08 20:38:48,491 INFO org.springframework.boot.web.servlet.AbstractFilterRegistrationBean [main] Mapping filter: 'hiddenHttpMethodFilter' to: [/*]
2019-05-08 20:38:48,492 INFO org.springframework.boot.web.servlet.AbstractFilterRegistrationBean [main] Mapping filter: 'formContentFilter' to: [/*]
2019-05-08 20:38:48,492 INFO org.springframework.boot.web.servlet.AbstractFilterRegistrationBean [main] Mapping filter: 'requestContextFilter' to: [/*]
2019-05-08 20:38:48,492 INFO org.springframework.boot.web.servlet.AbstractFilterRegistrationBean [main] Mapping filter: 'httpTraceFilter' to: [/*]
2019-05-08 20:38:48,493 INFO org.springframework.boot.web.servlet.ServletRegistrationBean [main] Servlet dispatcherServlet mapped to [/]
2019-05-08 20:38:48,495 INFO org.springframework.boot.actuate.endpoint.web.ServletEndpointRegistrar [main] Registered '/actuator/jolokia' to jolokia-actuator-endpoint
2019-05-08 20:38:48,932 WARN com.netflix.config.sources.URLConfigurationSource [main] No URLs will be polled as dynamic configuration sources.
2019-05-08 20:38:48,936 INFO com.netflix.config.sources.URLConfigurationSource [main] To enable URLs as dynamic configuration sources, define System property archaius.configurationSource.additionalUrls or make config.properties available on classpath.
2019-05-08 20:38:49,192 INFO org.springframework.scheduling.concurrent.ExecutorConfigurationSupport [main] Initializing ExecutorService 'applicationTaskExecutor'
2019-05-08 20:38:49,650 INFO org.springframework.scheduling.concurrent.ExecutorConfigurationSupport [main] Initializing ExecutorService
2019-05-08 20:38:49,916 INFO org.springframework.boot.actuate.endpoint.web.EndpointLinksResolver [main] Exposing 20 endpoint(s) beneath base path '/actuator'
2019-05-08 20:38:50,029 INFO org.springframework.cloud.netflix.eureka.serviceregistry.EurekaServiceRegistry [main] Registering application CURRENCY-CONVERTER with eureka with status UP
2019-05-08 20:38:50,029 INFO com.netflix.discovery.DiscoveryClient$3 [main] Saw local status change event StatusChangeEvent [timestamp=1557365930029, current=UP, previous=STARTING]
2019-05-08 20:38:50,033 INFO com.netflix.discovery.DiscoveryClient [DiscoveryClient-InstanceInfoReplicator-0] DiscoveryClient_CURRENCY-CONVERTER/10.0.0.108:currency-converter:8888: registering service...
2019-05-08 20:38:50,056 INFO org.apache.juli.logging.DirectJDKLog [main] Starting ProtocolHandler ["http-nio-8888"]
2019-05-08 20:38:50,074 INFO com.netflix.discovery.DiscoveryClient [DiscoveryClient-InstanceInfoReplicator-0] DiscoveryClient_CURRENCY-CONVERTER/10.0.0.108:currency-converter:8888 - registration status: 204
2019-05-08 20:38:50,080 INFO org.apache.juli.logging.DirectJDKLog [main] Using a shared selector for servlet write/read
2019-05-08 20:38:50,107 INFO org.springframework.boot.web.embedded.tomcat.TomcatWebServer [main] Tomcat started on port(s): 8888 (http) with context path ''
2019-05-08 20:38:50,108 INFO org.springframework.cloud.netflix.eureka.serviceregistry.EurekaAutoServiceRegistration [main] Updating port to 8888
2019-05-08 20:38:50,111 INFO org.springframework.boot.StartupInfoLogger [main] Started CurrencyConverterApp in 11.268 seconds (JVM running for 12.863)
2019-05-08 20:38:50,171 INFO de.codecentric.boot.admin.client.registration.ApplicationRegistrator [registrationTask1] Application registered itself as d0c7ad57e23b
2019-05-08 20:38:50,249 INFO org.apache.juli.logging.DirectJDKLog [http-nio-8888-exec-1] Initializing Spring DispatcherServlet 'dispatcherServlet'
2019-05-08 20:38:50,250 INFO org.springframework.web.servlet.FrameworkServlet [http-nio-8888-exec-1] Initializing Servlet 'dispatcherServlet'
2019-05-08 20:38:50,288 INFO org.springframework.web.servlet.FrameworkServlet [http-nio-8888-exec-1] Completed initialization in 38 ms
2019-05-08 20:38:50,333 INFO org.springframework.cloud.config.client.ConfigServicePropertySourceLocator [RMI TCP Connection(1)-192.168.99.1] Fetching config from server at : http://localhost:8888
2019-05-08 20:38:50,386 INFO org.springframework.cloud.config.client.ConfigServicePropertySourceLocator [http-nio-8888-exec-1] Fetching config from server at : http://localhost:8888
2019-05-08 20:38:50,425 WARN org.springframework.cloud.config.client.ConfigServicePropertySourceLocator [RMI TCP Connection(1)-192.168.99.1] Could not locate PropertySource: label not found
2019-05-08 20:38:50,425 WARN org.springframework.cloud.config.client.ConfigServicePropertySourceLocator [http-nio-8888-exec-1] Could not locate PropertySource: label not found
2019-05-08 20:39:08,170 INFO org.springframework.cloud.config.client.ConfigServicePropertySourceLocator [http-nio-8888-exec-8] Fetching config from server at : http://localhost:8888
2019-05-08 20:39:08,191 WARN org.springframework.cloud.config.client.ConfigServicePropertySourceLocator [http-nio-8888-exec-8] Could not locate PropertySource: label not found
2019-05-08 20:39:28,166 INFO org.springframework.cloud.config.client.ConfigServicePropertySourceLocator [http-nio-8888-exec-4] Fetching config from server at : http://localhost:8888
2019-05-08 20:39:28,184 WARN org.springframework.cloud.config.client.ConfigServicePropertySourceLocator [http-nio-8888-exec-4] Could not locate PropertySource: label not found
2019-05-08 20:39:48,180 INFO org.springframework.cloud.config.client.ConfigServicePropertySourceLocator [http-nio-8888-exec-5] Fetching config from server at : http://localhost:8888
2019-05-08 20:39:48,207 WARN org.springframework.cloud.config.client.ConfigServicePropertySourceLocator [http-nio-8888-exec-5] Could not locate PropertySource: label not found
2019-05-08 20:40:08,190 INFO org.springframework.cloud.config.client.ConfigServicePropertySourceLocator [http-nio-8888-exec-6] Fetching config from server at : http://localhost:8888
2019-05-08 20:40:08,229 WARN org.springframework.cloud.config.client.ConfigServicePropertySourceLocator [http-nio-8888-exec-6] Could not locate PropertySource: label not found
2019-05-08 20:40:28,169 INFO org.springframework.cloud.config.client.ConfigServicePropertySourceLocator [http-nio-8888-exec-9] Fetching config from server at : http://localhost:8888
2019-05-08 20:40:28,208 WARN org.springframework.cloud.config.client.ConfigServicePropertySourceLocator [http-nio-8888-exec-9] Could not locate PropertySource: label not found
2019-05-08 20:40:48,171 INFO org.springframework.cloud.config.client.ConfigServicePropertySourceLocator [http-nio-8888-exec-1] Fetching config from server at : http://localhost:8888
2019-05-08 20:40:48,203 WARN org.springframework.cloud.config.client.ConfigServicePropertySourceLocator [http-nio-8888-exec-1] Could not locate PropertySource: label not found
2019-05-08 20:41:08,180 INFO org.springframework.cloud.config.client.ConfigServicePropertySourceLocator [http-nio-8888-exec-7] Fetching config from server at : http://localhost:8888
2019-05-08 20:41:08,207 WARN org.springframework.cloud.config.client.ConfigServicePropertySourceLocator [http-nio-8888-exec-7] Could not locate PropertySource: label not found
2019-05-08 20:41:28,177 INFO org.springframework.cloud.config.client.ConfigServicePropertySourceLocator [http-nio-8888-exec-8] Fetching config from server at : http://localhost:8888
2019-05-08 20:41:28,210 WARN org.springframework.cloud.config.client.ConfigServicePropertySourceLocator [http-nio-8888-exec-8] Could not locate PropertySource: label not found
2019-05-08 20:41:48,174 INFO org.springframework.cloud.config.client.ConfigServicePropertySourceLocator [http-nio-8888-exec-4] Fetching config from server at : http://localhost:8888
2019-05-08 20:41:48,200 WARN org.springframework.cloud.config.client.ConfigServicePropertySourceLocator [http-nio-8888-exec-4] Could not locate PropertySource: label not found
2019-05-08 20:42:08,173 INFO org.springframework.cloud.config.client.ConfigServicePropertySourceLocator [http-nio-8888-exec-5] Fetching config from server at : http://localhost:8888
2019-05-08 20:42:08,204 WARN org.springframework.cloud.config.client.ConfigServicePropertySourceLocator [http-nio-8888-exec-5] Could not locate PropertySource: label not found
2019-05-08 20:42:28,174 INFO org.springframework.cloud.config.client.ConfigServicePropertySourceLocator [http-nio-8888-exec-6] Fetching config from server at : http://localhost:8888
2019-05-08 20:42:28,215 WARN org.springframework.cloud.config.client.ConfigServicePropertySourceLocator [http-nio-8888-exec-6] Could not locate PropertySource: label not found
2019-05-08 20:42:48,164 INFO org.springframework.cloud.config.client.ConfigServicePropertySourceLocator [http-nio-8888-exec-9] Fetching config from server at : http://localhost:8888
2019-05-08 20:42:48,185 WARN org.springframework.cloud.config.client.ConfigServicePropertySourceLocator [http-nio-8888-exec-9] Could not locate PropertySource: label not found
2019-05-08 20:43:08,198 INFO org.springframework.cloud.config.client.ConfigServicePropertySourceLocator [http-nio-8888-exec-1] Fetching config from server at : http://localhost:8888
2019-05-08 20:43:08,234 WARN org.springframework.cloud.config.client.ConfigServicePropertySourceLocator [http-nio-8888-exec-1] Could not locate PropertySource: label not found
2019-05-08 20:43:28,182 INFO org.springframework.cloud.config.client.ConfigServicePropertySourceLocator [http-nio-8888-exec-7] Fetching config from server at : http://localhost:8888
2019-05-08 20:43:28,213 WARN org.springframework.cloud.config.client.ConfigServicePropertySourceLocator [http-nio-8888-exec-7] Could not locate PropertySource: label not found
2019-05-08 20:43:47,878 INFO com.netflix.discovery.shared.resolver.aws.ConfigClusterResolver [AsyncResolver-bootstrap-executor-0] Resolving eureka endpoints via configuration
2019-05-08 20:43:48,164 INFO org.springframework.cloud.config.client.ConfigServicePropertySourceLocator [http-nio-8888-exec-8] Fetching config from server at : http://localhost:8888
2019-05-08 20:43:48,181 WARN org.springframework.cloud.config.client.ConfigServicePropertySourceLocator [http-nio-8888-exec-8] Could not locate PropertySource: label not found
2019-05-08 20:44:08,176 INFO org.springframework.cloud.config.client.ConfigServicePropertySourceLocator [http-nio-8888-exec-4] Fetching config from server at : http://localhost:8888
2019-05-08 20:44:08,206 WARN org.springframework.cloud.config.client.ConfigServicePropertySourceLocator [http-nio-8888-exec-4] Could not locate PropertySource: label not found
2019-05-08 20:44:28,175 INFO org.springframework.cloud.config.client.ConfigServicePropertySourceLocator [http-nio-8888-exec-5] Fetching config from server at : http://localhost:8888
2019-05-08 20:44:28,204 WARN org.springframework.cloud.config.client.ConfigServicePropertySourceLocator [http-nio-8888-exec-5] Could not locate PropertySource: label not found
2019-05-08 20:44:48,195 INFO org.springframework.cloud.config.client.ConfigServicePropertySourceLocator [http-nio-8888-exec-6] Fetching config from server at : http://localhost:8888
2019-05-08 20:44:48,240 WARN org.springframework.cloud.config.client.ConfigServicePropertySourceLocator [http-nio-8888-exec-6] Could not locate PropertySource: label not found
2019-05-08 20:45:08,201 INFO org.springframework.cloud.config.client.ConfigServicePropertySourceLocator [http-nio-8888-exec-9] Fetching config from server at : http://localhost:8888
2019-05-08 20:45:08,227 WARN org.springframework.cloud.config.client.ConfigServicePropertySourceLocator [http-nio-8888-exec-9] Could not locate PropertySource: label not found
2019-05-08 20:45:28,173 INFO org.springframework.cloud.config.client.ConfigServicePropertySourceLocator [http-nio-8888-exec-1] Fetching config from server at : http://localhost:8888
2019-05-08 20:45:28,204 WARN org.springframework.cloud.config.client.ConfigServicePropertySourceLocator [http-nio-8888-exec-1] Could not locate PropertySource: label not found
2019-05-08 20:45:48,173 INFO org.springframework.cloud.config.client.ConfigServicePropertySourceLocator [http-nio-8888-exec-7] Fetching config from server at : http://localhost:8888
2019-05-08 20:45:48,200 WARN org.springframework.cloud.config.client.ConfigServicePropertySourceLocator [http-nio-8888-exec-7] Could not locate PropertySource: label not found
2019-05-08 20:46:08,175 INFO org.springframework.cloud.config.client.ConfigServicePropertySourceLocator [http-nio-8888-exec-3] Fetching config from server at : http://localhost:8888
2019-05-08 20:46:08,204 WARN org.springframework.cloud.config.client.ConfigServicePropertySourceLocator [http-nio-8888-exec-3] Could not locate PropertySource: label not found
2019-05-08 20:46:28,176 INFO org.springframework.cloud.config.client.ConfigServicePropertySourceLocator [http-nio-8888-exec-4] Fetching config from server at : http://localhost:8888
2019-05-08 20:46:28,200 WARN org.springframework.cloud.config.client.ConfigServicePropertySourceLocator [http-nio-8888-exec-4] Could not locate PropertySource: label not found
2019-05-08 20:46:48,176 INFO org.springframework.cloud.config.client.ConfigServicePropertySourceLocator [http-nio-8888-exec-5] Fetching config from server at : http://localhost:8888
2019-05-08 20:46:48,210 WARN org.springframework.cloud.config.client.ConfigServicePropertySourceLocator [http-nio-8888-exec-5] Could not locate PropertySource: label not found
2019-05-08 20:47:08,194 INFO org.springframework.cloud.config.client.ConfigServicePropertySourceLocator [http-nio-8888-exec-6] Fetching config from server at : http://localhost:8888
2019-05-08 20:47:08,219 WARN org.springframework.cloud.config.client.ConfigServicePropertySourceLocator [http-nio-8888-exec-6] Could not locate PropertySource: label not found
2019-05-08 20:47:28,175 INFO org.springframework.cloud.config.client.ConfigServicePropertySourceLocator [http-nio-8888-exec-9] Fetching config from server at : http://localhost:8888
2019-05-08 20:47:28,212 WARN org.springframework.cloud.config.client.ConfigServicePropertySourceLocator [http-nio-8888-exec-9] Could not locate PropertySource: label not found
2019-05-08 20:47:48,176 INFO org.springframework.cloud.config.client.ConfigServicePropertySourceLocator [http-nio-8888-exec-1] Fetching config from server at : http://localhost:8888
2019-05-08 20:47:48,201 WARN org.springframework.cloud.config.client.ConfigServicePropertySourceLocator [http-nio-8888-exec-1] Could not locate PropertySource: label not found
2019-05-08 20:48:07,590 INFO org.springframework.context.support.PostProcessorRegistrationDelegate$BeanPostProcessorChecker [main] Bean 'configurationPropertiesRebinderAutoConfiguration' of type [org.springframework.cloud.autoconfigure.ConfigurationPropertiesRebinderAutoConfiguration$$EnhancerBySpringCGLIB$$be57aac5] is not eligible for getting processed by all BeanPostProcessors (for example: not eligible for auto-proxying)
2019-05-08 20:48:08,077 INFO org.springframework.cloud.config.client.ConfigServicePropertySourceLocator [main] Fetching config from server at : http://localhost:8888
2019-05-08 20:48:09,199 INFO org.springframework.cloud.config.client.ConfigServicePropertySourceLocator [main] Connect Timeout Exception on Url - http://localhost:8888. Will be trying the next url if available
2019-05-08 20:48:09,203 WARN org.springframework.cloud.config.client.ConfigServicePropertySourceLocator [main] Could not locate PropertySource: I/O error on GET request for "http://localhost:8888/currency-converter/default": Connection refused: connect; nested exception is java.net.ConnectException: Connection refused: connect
2019-05-08 20:48:09,212 INFO org.springframework.boot.SpringApplication [main] No active profile set, falling back to default profiles: default
2019-05-08 20:48:10,297 WARN org.springframework.boot.actuate.endpoint.EndpointId [main] Endpoint ID 'service-registry' contains invalid characters, please migrate to a valid format.
2019-05-08 20:48:10,574 INFO org.springframework.cloud.context.scope.GenericScope [main] BeanFactory id=02f969d5-e739-3365-bc63-061e739b6e15
2019-05-08 20:48:10,597 INFO org.springframework.context.support.PostProcessorRegistrationDelegate$BeanPostProcessorChecker [main] Bean 'edu.techforce.springapp.CurrencyServiceFeignProxy' of type [org.springframework.cloud.openfeign.FeignClientFactoryBean] is not eligible for getting processed by all BeanPostProcessors (for example: not eligible for auto-proxying)
2019-05-08 20:48:10,879 INFO org.springframework.context.support.PostProcessorRegistrationDelegate$BeanPostProcessorChecker [main] Bean 'org.springframework.cloud.autoconfigure.ConfigurationPropertiesRebinderAutoConfiguration' of type [org.springframework.cloud.autoconfigure.ConfigurationPropertiesRebinderAutoConfiguration$$EnhancerBySpringCGLIB$$be57aac5] is not eligible for getting processed by all BeanPostProcessors (for example: not eligible for auto-proxying)
2019-05-08 20:48:11,513 INFO org.springframework.boot.web.embedded.tomcat.TomcatWebServer [main] Tomcat initialized with port(s): 8888 (http)
2019-05-08 20:48:11,530 INFO org.apache.juli.logging.DirectJDKLog [main] Initializing ProtocolHandler ["http-nio-8888"]
2019-05-08 20:48:11,535 INFO org.apache.juli.logging.DirectJDKLog [main] Starting service [Tomcat]
2019-05-08 20:48:11,535 INFO org.apache.juli.logging.DirectJDKLog [main] Starting Servlet Engine: Apache Tomcat/9.0.12
2019-05-08 20:48:11,543 INFO org.apache.juli.logging.DirectJDKLog [main] The APR based Apache Tomcat Native library which allows optimal performance in production environments was not found on the java.library.path: [C:\Program Files\Java\jdk1.8.0_191\bin;C:\WINDOWS\Sun\Java\bin;C:\WINDOWS\system32;C:\WINDOWS;C:\Program Files (x86)\Intel\iCLS Client\;C:\Program Files (x86)\Common Files\Oracle\Java\javapath;C:\Program Files\Intel\iCLS Client\;C:\WINDOWS\system32;C:\WINDOWS;C:\WINDOWS\System32\Wbem;C:\WINDOWS\System32\WindowsPowerShell\v1.0\;C:\Program Files\nodejs\;C:\WINDOWS\System32\OpenSSH\;C:\Program Files\Intel\WiFi\bin\;C:\Program Files\Common Files\Intel\WirelessCommon\;C:\Program Files\Java\jdk1.8.0_191\bin;C:\Program Files\Git\cmd;C:\Program Files (x86)\Intel\Intel(R) Management Engine Components\DAL;C:\Program Files\Intel\Intel(R) Management Engine Components\DAL;C:\Program Files (x86)\Intel\Intel(R) Management Engine Components\IPT;C:\Program Files\Intel\Intel(R) Management Engine Components\IPT;C:\Users\Manoj Silwal\AppData\Local\Microsoft\WindowsApps;C:\Users\Manoj Silwal\AppData\Roaming\npm;;C:\Program Files\Docker Toolbox;C:\Program Files\Docker Toolbox;.]
2019-05-08 20:48:11,691 INFO org.apache.juli.logging.DirectJDKLog [main] Initializing Spring embedded WebApplicationContext
2019-05-08 20:48:11,691 INFO org.springframework.boot.web.servlet.context.ServletWebServerApplicationContext [main] Root WebApplicationContext: initialization completed in 2436 ms
2019-05-08 20:48:11,865 WARN com.netflix.config.sources.URLConfigurationSource [main] No URLs will be polled as dynamic configuration sources.
2019-05-08 20:48:11,865 INFO com.netflix.config.sources.URLConfigurationSource [main] To enable URLs as dynamic configuration sources, define System property archaius.configurationSource.additionalUrls or make config.properties available on classpath.
2019-05-08 20:48:11,877 INFO com.netflix.config.DynamicPropertyFactory [main] DynamicPropertyFactory is initialized with configuration sources: com.netflix.config.ConcurrentCompositeConfiguration@7c20cdd0
2019-05-08 20:48:13,278 INFO org.springframework.cloud.netflix.eureka.InstanceInfoFactory [main] Setting initial instance status as: STARTING
2019-05-08 20:48:13,351 INFO com.netflix.discovery.DiscoveryClient [main] Initializing Eureka in region us-east-1
2019-05-08 20:48:13,713 INFO com.netflix.discovery.provider.DiscoveryJerseyProvider [main] Using JSON encoding codec LegacyJacksonJson
2019-05-08 20:48:13,713 INFO com.netflix.discovery.provider.DiscoveryJerseyProvider [main] Using JSON decoding codec LegacyJacksonJson
2019-05-08 20:48:13,818 INFO com.netflix.discovery.provider.DiscoveryJerseyProvider [main] Using XML encoding codec XStreamXml
2019-05-08 20:48:13,818 INFO com.netflix.discovery.provider.DiscoveryJerseyProvider [main] Using XML decoding codec XStreamXml
2019-05-08 20:48:14,053 INFO com.netflix.discovery.shared.resolver.aws.ConfigClusterResolver [main] Resolving eureka endpoints via configuration
2019-05-08 20:48:14,259 INFO com.netflix.discovery.DiscoveryClient [main] Disable delta property : false
2019-05-08 20:48:14,260 INFO com.netflix.discovery.DiscoveryClient [main] Single vip registry refresh property : null
2019-05-08 20:48:14,260 INFO com.netflix.discovery.DiscoveryClient [main] Force full registry fetch : false
2019-05-08 20:48:14,261 INFO com.netflix.discovery.DiscoveryClient [main] Application is null : false
2019-05-08 20:48:14,262 INFO com.netflix.discovery.DiscoveryClient [main] Registered Applications size is zero : true
2019-05-08 20:48:14,263 INFO com.netflix.discovery.DiscoveryClient [main] Application version is -1: true
2019-05-08 20:48:14,263 INFO com.netflix.discovery.DiscoveryClient [main] Getting all instance registry info from the eureka server
2019-05-08 20:48:14,652 INFO com.netflix.discovery.DiscoveryClient [main] The response status is 200
2019-05-08 20:48:14,656 INFO com.netflix.discovery.DiscoveryClient [main] Starting heartbeat executor: renew interval is: 30
2019-05-08 20:48:14,659 INFO com.netflix.discovery.InstanceInfoReplicator [main] InstanceInfoReplicator onDemand update allowed rate per min is 4
2019-05-08 20:48:14,663 INFO com.netflix.discovery.DiscoveryClient [main] Discovery Client initialized at timestamp 1557366494662 with initial instances count: 3
2019-05-08 20:48:15,082 INFO org.springframework.boot.web.servlet.AbstractFilterRegistrationBean [main] Mapping filter: 'characterEncodingFilter' to: [/*]
2019-05-08 20:48:15,082 INFO org.springframework.boot.web.servlet.AbstractFilterRegistrationBean [main] Mapping filter: 'webMvcMetricsFilter' to: [/*]
2019-05-08 20:48:15,082 INFO org.springframework.boot.web.servlet.AbstractFilterRegistrationBean [main] Mapping filter: 'tracingFilter' to: [/*]
2019-05-08 20:48:15,083 INFO org.springframework.boot.web.servlet.AbstractFilterRegistrationBean [main] Mapping filter: 'exceptionLoggingFilter' to: [/*]
2019-05-08 20:48:15,083 INFO org.springframework.boot.web.servlet.AbstractFilterRegistrationBean [main] Mapping filter: 'hiddenHttpMethodFilter' to: [/*]
2019-05-08 20:48:15,083 INFO org.springframework.boot.web.servlet.AbstractFilterRegistrationBean [main] Mapping filter: 'formContentFilter' to: [/*]
2019-05-08 20:48:15,084 INFO org.springframework.boot.web.servlet.AbstractFilterRegistrationBean [main] Mapping filter: 'requestContextFilter' to: [/*]
2019-05-08 20:48:15,084 INFO org.springframework.boot.web.servlet.AbstractFilterRegistrationBean [main] Mapping filter: 'httpTraceFilter' to: [/*]
2019-05-08 20:48:15,084 INFO org.springframework.boot.web.servlet.ServletRegistrationBean [main] Servlet dispatcherServlet mapped to [/]
2019-05-08 20:48:15,086 INFO org.springframework.boot.actuate.endpoint.web.ServletEndpointRegistrar [main] Registered '/actuator/jolokia' to jolokia-actuator-endpoint
2019-05-08 20:48:15,547 WARN com.netflix.config.sources.URLConfigurationSource [main] No URLs will be polled as dynamic configuration sources.
2019-05-08 20:48:15,548 INFO com.netflix.config.sources.URLConfigurationSource [main] To enable URLs as dynamic configuration sources, define System property archaius.configurationSource.additionalUrls or make config.properties available on classpath.
2019-05-08 20:48:15,863 INFO org.springframework.scheduling.concurrent.ExecutorConfigurationSupport [main] Initializing ExecutorService 'applicationTaskExecutor'
2019-05-08 20:48:16,337 INFO org.springframework.scheduling.concurrent.ExecutorConfigurationSupport [main] Initializing ExecutorService
2019-05-08 20:48:16,618 INFO org.springframework.boot.actuate.endpoint.web.EndpointLinksResolver [main] Exposing 21 endpoint(s) beneath base path '/actuator'
2019-05-08 20:48:16,767 INFO org.springframework.cloud.netflix.eureka.serviceregistry.EurekaServiceRegistry [main] Registering application CURRENCY-CONVERTER with eureka with status UP
2019-05-08 20:48:16,767 INFO com.netflix.discovery.DiscoveryClient$3 [main] Saw local status change event StatusChangeEvent [timestamp=1557366496767, current=UP, previous=STARTING]
2019-05-08 20:48:16,771 INFO com.netflix.discovery.DiscoveryClient [DiscoveryClient-InstanceInfoReplicator-0] DiscoveryClient_CURRENCY-CONVERTER/10.0.0.108:currency-converter:8888: registering service...
2019-05-08 20:48:16,799 INFO org.apache.juli.logging.DirectJDKLog [main] Starting ProtocolHandler ["http-nio-8888"]
2019-05-08 20:48:16,829 INFO com.netflix.discovery.DiscoveryClient [DiscoveryClient-InstanceInfoReplicator-0] DiscoveryClient_CURRENCY-CONVERTER/10.0.0.108:currency-converter:8888 - registration status: 204
2019-05-08 20:48:16,833 INFO org.apache.juli.logging.DirectJDKLog [main] Using a shared selector for servlet write/read
2019-05-08 20:48:16,870 INFO org.springframework.boot.web.embedded.tomcat.TomcatWebServer [main] Tomcat started on port(s): 8888 (http) with context path ''
2019-05-08 20:48:16,874 INFO org.springframework.cloud.netflix.eureka.serviceregistry.EurekaAutoServiceRegistration [main] Updating port to 8888
2019-05-08 20:48:16,876 INFO org.springframework.boot.StartupInfoLogger [main] Started CurrencyConverterApp in 11.617 seconds (JVM running for 13.173)
2019-05-08 20:48:16,949 INFO de.codecentric.boot.admin.client.registration.ApplicationRegistrator [registrationTask1] Application registered itself as d0c7ad57e23b
2019-05-08 20:48:16,997 INFO org.apache.juli.logging.DirectJDKLog [http-nio-8888-exec-1] Initializing Spring DispatcherServlet 'dispatcherServlet'
2019-05-08 20:48:16,997 INFO org.springframework.web.servlet.FrameworkServlet [http-nio-8888-exec-1] Initializing Servlet 'dispatcherServlet'
2019-05-08 20:48:17,014 INFO org.springframework.web.servlet.FrameworkServlet [http-nio-8888-exec-1] Completed initialization in 17 ms
2019-05-08 20:48:17,153 INFO org.springframework.cloud.config.client.ConfigServicePropertySourceLocator [http-nio-8888-exec-1] Fetching config from server at : http://localhost:8888
2019-05-08 20:48:17,286 WARN org.springframework.cloud.config.client.ConfigServicePropertySourceLocator [http-nio-8888-exec-1] Could not locate PropertySource: label not found
2019-05-08 20:48:17,652 INFO org.springframework.cloud.config.client.ConfigServicePropertySourceLocator [RMI TCP Connection(1)-192.168.99.1] Fetching config from server at : http://localhost:8888
2019-05-08 20:48:17,682 WARN org.springframework.cloud.config.client.ConfigServicePropertySourceLocator [RMI TCP Connection(1)-192.168.99.1] Could not locate PropertySource: label not found
